<?xml version="1.0" encoding="UTF-8"?>
<testsuite name="dillos.fialapi.FialApiApplicationTests" tests="1" skipped="0" failures="0" errors="0" timestamp="2023-08-21T21:21:09" hostname="YODES-DESKTOP" time="0.679">
  <properties/>
  <testcase name="contextLoads()" classname="dillos.fialapi.FialApiApplicationTests" time="0.679"/>
  <system-out><![CDATA[17:21:07.535 [Test worker] INFO org.springframework.test.context.support.AnnotationConfigContextLoaderUtils -- Could not detect default configuration classes for test class [dillos.fialapi.FialApiApplicationTests]: FialApiApplicationTests does not declare any static, non-private, non-final, nested classes annotated with @Configuration.
17:21:07.614 [Test worker] INFO org.springframework.boot.test.context.SpringBootTestContextBootstrapper -- Found @SpringBootConfiguration dillos.fialapi.FialApiApplication for test class dillos.fialapi.FialApiApplicationTests

  .   ____          _            __ _ _
 /\\ / ___'_ __ _ _(_)_ __  __ _ \ \ \ \
( ( )\___ | '_ | '_| | '_ \/ _` | \ \ \ \
 \\/  ___)| |_)| | | | | || (_| |  ) ) ) )
  '  |____| .__|_| |_|_| |_\__, | / / / /
 =========|_|==============|___/=/_/_/_/
 :: Spring Boot ::                (v3.1.2)

2023-08-21T17:21:07.998-04:00  INFO 26588 --- [    Test worker] dillos.fialapi.FialApiApplicationTests   : Starting FialApiApplicationTests using Java 17.0.1 with PID 26588 (started by yodes in C:\code\fial\fial-api)
2023-08-21T17:21:07.999-04:00  INFO 26588 --- [    Test worker] dillos.fialapi.FialApiApplicationTests   : No active profile set, falling back to 1 default profile: "default"
2023-08-21T17:21:09.063-04:00  INFO 26588 --- [    Test worker] dillos.fialapi.FialApiApplicationTests   : Started FialApiApplicationTests in 1.301 seconds (process running for 2.299)
]]></system-out>
  <system-err><![CDATA[]]></system-err>
</testsuite>
